mode: set
healthai/engine/main.go:10.13,19.2 5 0
healthai/engine/cmd/client/main.go:54.13,59.16 3 0
healthai/engine/cmd/client/main.go:59.16,61.3 1 0
healthai/engine/cmd/client/main.go:62.2,91.16 9 0
healthai/engine/cmd/client/main.go:91.16,93.3 1 0
healthai/engine/cmd/client/main.go:93.8,95.3 1 0
healthai/engine/cmd/client/main.go:98.2,108.16 5 0
healthai/engine/cmd/client/main.go:108.16,110.3 1 0
healthai/engine/cmd/client/main.go:110.8,112.3 1 0
healthai/engine/cmd/client/main.go:115.2,120.16 5 0
healthai/engine/cmd/client/main.go:120.16,123.3 2 0
healthai/engine/cmd/client/main.go:123.8,125.3 1 0
healthai/engine/cmd/server/main.go:25.38,28.17 3 0
healthai/engine/cmd/server/main.go:28.17,30.3 1 0
healthai/engine/cmd/server/main.go:30.8,39.3 1 0
healthai/engine/cmd/server/main.go:41.2,47.16 2 0
healthai/engine/cmd/server/main.go:47.16,49.3 1 0
healthai/engine/cmd/server/main.go:52.2,67.16 2 0
healthai/engine/cmd/server/main.go:67.16,69.3 1 0
healthai/engine/cmd/server/main.go:72.2,81.16 8 0
healthai/engine/cmd/server/main.go:81.16,84.19 3 0
healthai/engine/cmd/server/main.go:84.19,88.4 3 0
healthai/engine/cmd/server/main.go:89.8,91.3 1 0
healthai/engine/cmd/server/main.go:93.2,93.16 1 0
healthai/engine/cmd/server/main.go:96.206,111.44 7 0
healthai/engine/cmd/server/main.go:111.44,113.18 2 0
healthai/engine/cmd/server/main.go:113.18,115.5 1 0
healthai/engine/cmd/server/main.go:116.4,118.14 3 0
healthai/engine/cmd/server/main.go:120.43,124.4 3 0
healthai/engine/cmd/server/main.go:127.2,127.15 1 0
healthai/engine/cmd/server/main.go:138.13,139.40 1 0
healthai/engine/cmd/server/main.go:139.40,141.3 1 0
healthai/engine/cmd/server/main.go:143.2,160.32 1 0
healthai/engine/cmd/server/main.go:160.33,160.34 0 0
healthai/engine/internal/core/domain/activity.go:39.59,47.2 1 0
healthai/engine/internal/core/domain/activity.go:49.92,59.2 1 0
healthai/engine/internal/core/domain/nutrition.go:82.55,90.2 1 0
healthai/engine/internal/core/domain/nutrition.go:92.65,93.17 1 0
healthai/engine/internal/core/domain/nutrition.go:93.17,95.3 1 0
healthai/engine/internal/core/domain/nutrition.go:96.2,96.8 1 0
healthai/engine/internal/core/domain/user.go:44.41,46.2 1 0
healthai/engine/internal/core/domain/user.go:59.35,61.2 1 0
healthai/engine/internal/core/domain/user.go:79.35,81.2 1 0
healthai/engine/internal/core/domain/user.go:92.40,94.2 1 0
healthai/engine/internal/core/domain/user.go:96.40,107.2 2 0
healthai/engine/internal/core/domain/user.go:110.32,112.2 1 0
healthai/engine/internal/core/domain/workout.go:78.58,79.16 1 0
healthai/engine/internal/core/domain/workout.go:79.16,81.3 1 0
healthai/engine/internal/core/domain/workout.go:82.2,82.8 1 0
healthai/engine/internal/core/domain/workout.go:85.62,86.17 1 0
healthai/engine/internal/core/domain/workout.go:86.17,88.3 1 0
healthai/engine/internal/core/domain/workout.go:89.2,89.8 1 0
healthai/engine/internal/core/ports/mocks/activity_repo_mock.go:16.130,18.24 2 0
healthai/engine/internal/core/ports/mocks/activity_repo_mock.go:18.24,20.3 1 0
healthai/engine/internal/core/ports/mocks/activity_repo_mock.go:21.2,21.54 1 0
healthai/engine/internal/core/ports/mocks/activity_repo_mock.go:24.98,27.2 2 0
healthai/engine/internal/core/ports/mocks/activity_repo_mock.go:29.98,32.2 2 0
healthai/engine/internal/core/ports/mocks/activity_repo_mock.go:34.100,37.2 2 0
healthai/engine/internal/core/ports/mocks/nutrition_repo_mock.go:16.121,18.24 2 0
healthai/engine/internal/core/ports/mocks/nutrition_repo_mock.go:18.24,20.3 1 0
healthai/engine/internal/core/ports/mocks/nutrition_repo_mock.go:21.2,21.60 1 0
healthai/engine/internal/core/ports/mocks/nutrition_repo_mock.go:24.110,27.2 2 0
healthai/engine/internal/core/ports/mocks/nutrition_repo_mock.go:29.119,31.24 2 0
healthai/engine/internal/core/ports/mocks/nutrition_repo_mock.go:31.24,33.3 1 0
healthai/engine/internal/core/ports/mocks/nutrition_repo_mock.go:34.2,34.61 1 0
healthai/engine/internal/core/ports/mocks/nutrition_repo_mock.go:37.112,40.2 2 0
healthai/engine/internal/core/ports/mocks/nutrition_repo_mock.go:42.131,44.24 2 0
healthai/engine/internal/core/ports/mocks/nutrition_repo_mock.go:44.24,46.3 1 0
healthai/engine/internal/core/ports/mocks/nutrition_repo_mock.go:47.2,47.54 1 0
healthai/engine/internal/core/ports/mocks/nutrition_repo_mock.go:50.100,53.2 2 0
healthai/engine/internal/core/ports/mocks/user_repo_mock.go:15.92,17.24 2 0
healthai/engine/internal/core/ports/mocks/user_repo_mock.go:17.24,19.3 1 0
healthai/engine/internal/core/ports/mocks/user_repo_mock.go:20.2,20.50 1 0
healthai/engine/internal/core/ports/mocks/user_repo_mock.go:23.83,26.2 2 0
healthai/engine/internal/core/ports/mocks/user_repo_mock.go:28.83,31.2 2 0
healthai/engine/internal/core/ports/mocks/workout_repo_mock.go:16.105,18.24 2 0
healthai/engine/internal/core/ports/mocks/workout_repo_mock.go:18.24,20.3 1 0
healthai/engine/internal/core/ports/mocks/workout_repo_mock.go:21.2,21.55 1 0
healthai/engine/internal/core/ports/mocks/workout_repo_mock.go:24.102,27.2 2 0
healthai/engine/internal/core/ports/mocks/workout_repo_mock.go:29.179,31.24 2 0
healthai/engine/internal/core/ports/mocks/workout_repo_mock.go:31.24,33.3 1 0
healthai/engine/internal/core/ports/mocks/workout_repo_mock.go:34.2,34.55 1 0
healthai/engine/internal/core/ports/mocks/workout_repo_mock.go:37.122,39.24 2 0
healthai/engine/internal/core/ports/mocks/workout_repo_mock.go:39.24,41.3 1 0
healthai/engine/internal/core/ports/mocks/workout_repo_mock.go:42.2,42.54 1 0
healthai/engine/internal/core/ports/mocks/workout_repo_mock.go:45.104,48.2 2 0
healthai/engine/internal/core/ports/mocks/workout_repo_mock.go:50.135,52.24 2 0
healthai/engine/internal/core/ports/mocks/workout_repo_mock.go:52.24,54.3 1 0
healthai/engine/internal/core/ports/mocks/workout_repo_mock.go:55.2,55.57 1 0
healthai/engine/internal/adapters/handlers/grpc/core_handler.go:52.16,59.2 1 0
healthai/engine/internal/adapters/handlers/grpc/core_handler.go:62.109,63.22 1 0
healthai/engine/internal/adapters/handlers/grpc/core_handler.go:63.22,65.3 1 0
healthai/engine/internal/adapters/handlers/grpc/core_handler.go:66.2,67.16 2 0
healthai/engine/internal/adapters/handlers/grpc/core_handler.go:67.16,69.3 1 0
healthai/engine/internal/adapters/handlers/grpc/core_handler.go:71.2,77.29 6 0
healthai/engine/internal/adapters/handlers/grpc/core_handler.go:77.29,81.49 4 0
healthai/engine/internal/adapters/handlers/grpc/core_handler.go:81.49,83.4 1 0
healthai/engine/internal/adapters/handlers/grpc/core_handler.go:85.2,85.31 1 0
healthai/engine/internal/adapters/handlers/grpc/core_handler.go:85.31,88.3 2 0
healthai/engine/internal/adapters/handlers/grpc/core_handler.go:90.2,101.8 1 0
healthai/engine/internal/adapters/handlers/grpc/core_handler.go:105.107,106.22 1 0
healthai/engine/internal/adapters/handlers/grpc/core_handler.go:106.22,108.3 1 0
healthai/engine/internal/adapters/handlers/grpc/core_handler.go:109.2,110.16 2 0
healthai/engine/internal/adapters/handlers/grpc/core_handler.go:110.16,112.3 1 0
healthai/engine/internal/adapters/handlers/grpc/core_handler.go:113.2,113.16 1 0
healthai/engine/internal/adapters/handlers/grpc/core_handler.go:113.16,115.3 1 0
healthai/engine/internal/adapters/handlers/grpc/core_handler.go:116.2,116.149 1 0
healthai/engine/internal/adapters/handlers/grpc/core_handler.go:120.101,122.22 1 0
healthai/engine/internal/adapters/handlers/grpc/core_handler.go:122.22,124.3 1 0
healthai/engine/internal/adapters/handlers/grpc/core_handler.go:125.2,126.22 2 0
healthai/engine/internal/adapters/handlers/grpc/core_handler.go:130.111,131.22 1 0
healthai/engine/internal/adapters/handlers/grpc/core_handler.go:131.22,133.3 1 0
healthai/engine/internal/adapters/handlers/grpc/core_handler.go:134.2,135.27 2 0
healthai/engine/internal/adapters/handlers/grpc/core_handler.go:135.27,138.3 2 0
healthai/engine/internal/adapters/handlers/grpc/core_handler.go:139.2,140.16 2 0
healthai/engine/internal/adapters/handlers/grpc/core_handler.go:140.16,142.3 1 0
healthai/engine/internal/adapters/handlers/grpc/core_handler.go:143.2,143.53 1 0
healthai/engine/internal/adapters/handlers/grpc/core_handler.go:147.94,150.2 2 0
healthai/engine/internal/adapters/handlers/grpc/core_handler.go:153.90,156.2 2 0
healthai/engine/internal/adapters/handlers/grpc/core_handler.go:158.115,160.16 2 0
healthai/engine/internal/adapters/handlers/grpc/core_handler.go:160.16,162.3 1 0
healthai/engine/internal/adapters/handlers/grpc/core_handler.go:163.2,163.53 1 0
healthai/engine/internal/adapters/handlers/grpc/core_handler.go:166.129,167.22 1 0
healthai/engine/internal/adapters/handlers/grpc/core_handler.go:167.22,169.3 1 0
healthai/engine/internal/adapters/handlers/grpc/core_handler.go:170.2,171.16 2 0
healthai/engine/internal/adapters/handlers/grpc/core_handler.go:171.16,173.3 1 0
healthai/engine/internal/adapters/handlers/grpc/core_handler.go:174.2,174.18 1 0
healthai/engine/internal/adapters/handlers/grpc/core_handler.go:174.18,176.3 1 0
healthai/engine/internal/adapters/handlers/grpc/core_handler.go:177.2,181.8 1 0
healthai/engine/internal/adapters/handlers/grpc/core_handler.go:185.111,187.16 2 0
healthai/engine/internal/adapters/handlers/grpc/core_handler.go:187.16,189.3 1 0
healthai/engine/internal/adapters/handlers/grpc/core_handler.go:190.2,190.52 1 0
healthai/engine/internal/adapters/handlers/grpc/core_handler.go:190.52,192.3 1 0
healthai/engine/internal/adapters/handlers/grpc/core_handler.go:193.2,193.76 1 0
healthai/engine/internal/adapters/handlers/grpc/core_handler.go:195.108,197.16 2 0
healthai/engine/internal/adapters/handlers/grpc/core_handler.go:197.16,199.3 1 0
healthai/engine/internal/adapters/handlers/grpc/core_handler.go:200.2,200.52 1 0
healthai/engine/internal/adapters/handlers/grpc/core_handler.go:200.52,202.3 1 0
healthai/engine/internal/adapters/handlers/grpc/core_handler.go:203.2,203.76 1 0
healthai/engine/internal/adapters/handlers/grpc/core_handler.go:205.137,207.16 2 0
healthai/engine/internal/adapters/handlers/grpc/core_handler.go:207.16,209.3 1 0
healthai/engine/internal/adapters/handlers/grpc/core_handler.go:210.2,210.52 1 0
healthai/engine/internal/adapters/handlers/grpc/core_handler.go:210.52,212.3 1 0
healthai/engine/internal/adapters/handlers/grpc/core_handler.go:213.2,213.89 1 0
healthai/engine/internal/adapters/handlers/grpc/core_handler.go:218.60,238.2 1 0
healthai/engine/internal/adapters/handlers/grpc/core_handler.go:242.164,244.32 2 0
healthai/engine/internal/adapters/handlers/grpc/core_handler.go:244.32,246.3 1 0
healthai/engine/internal/adapters/handlers/grpc/core_handler.go:247.2,247.24 1 0
healthai/engine/internal/adapters/handlers/grpc/core_handler.go:247.24,249.3 1 0
healthai/engine/internal/adapters/handlers/grpc/core_handler.go:250.2,251.77 2 0
healthai/engine/internal/adapters/handlers/grpc/core_handler.go:251.77,253.3 1 0
healthai/engine/internal/adapters/handlers/grpc/core_handler.go:254.2,254.44 1 0
healthai/engine/internal/adapters/handlers/grpc/core_handler.go:260.163,262.32 2 0
healthai/engine/internal/adapters/handlers/grpc/core_handler.go:262.32,264.3 1 0
healthai/engine/internal/adapters/handlers/grpc/core_handler.go:265.2,265.24 1 0
healthai/engine/internal/adapters/handlers/grpc/core_handler.go:265.24,267.3 1 0
healthai/engine/internal/adapters/handlers/grpc/core_handler.go:268.2,269.77 2 0
healthai/engine/internal/adapters/handlers/grpc/core_handler.go:269.77,271.3 1 0
healthai/engine/internal/adapters/handlers/grpc/core_handler.go:272.2,272.44 1 0
healthai/engine/internal/adapters/handlers/grpc/core_handler.go:275.168,277.32 2 0
healthai/engine/internal/adapters/handlers/grpc/core_handler.go:277.32,279.3 1 0
healthai/engine/internal/adapters/handlers/grpc/core_handler.go:280.2,280.24 1 0
healthai/engine/internal/adapters/handlers/grpc/core_handler.go:280.24,282.3 1 0
healthai/engine/internal/adapters/handlers/grpc/core_handler.go:283.2,284.77 2 0
healthai/engine/internal/adapters/handlers/grpc/core_handler.go:284.77,286.3 1 0
healthai/engine/internal/adapters/handlers/grpc/core_handler.go:287.2,287.44 1 0
healthai/engine/internal/adapters/handlers/grpc/core_handler.go:290.169,292.32 2 0
healthai/engine/internal/adapters/handlers/grpc/core_handler.go:292.32,294.3 1 0
healthai/engine/internal/adapters/handlers/grpc/core_handler.go:295.2,295.24 1 0
healthai/engine/internal/adapters/handlers/grpc/core_handler.go:295.24,297.3 1 0
healthai/engine/internal/adapters/handlers/grpc/core_handler.go:298.2,299.77 2 0
healthai/engine/internal/adapters/handlers/grpc/core_handler.go:299.77,301.3 1 0
healthai/engine/internal/adapters/handlers/grpc/core_handler.go:302.2,302.44 1 0
healthai/engine/internal/adapters/handlers/grpc/core_handler.go:305.171,307.32 2 0
healthai/engine/internal/adapters/handlers/grpc/core_handler.go:307.32,309.3 1 0
healthai/engine/internal/adapters/handlers/grpc/core_handler.go:310.2,310.24 1 0
healthai/engine/internal/adapters/handlers/grpc/core_handler.go:310.24,312.3 1 0
healthai/engine/internal/adapters/handlers/grpc/core_handler.go:313.2,314.77 2 0
healthai/engine/internal/adapters/handlers/grpc/core_handler.go:314.77,316.3 1 0
healthai/engine/internal/adapters/handlers/grpc/core_handler.go:317.2,317.44 1 0
healthai/engine/internal/adapters/handlers/grpc/core_handler.go:321.166,323.2 1 0
healthai/engine/internal/adapters/handlers/grpc/core_handler.go:324.162,326.2 1 0
healthai/engine/internal/adapters/handlers/grpc/core_handler.go:327.160,329.2 1 0
healthai/engine/internal/adapters/handlers/grpc/core_handler.go:330.161,332.32 2 0
healthai/engine/internal/adapters/handlers/grpc/core_handler.go:332.32,334.3 1 0
healthai/engine/internal/adapters/handlers/grpc/core_handler.go:335.2,335.24 1 0
healthai/engine/internal/adapters/handlers/grpc/core_handler.go:335.24,337.3 1 0
healthai/engine/internal/adapters/handlers/grpc/core_handler.go:338.2,339.77 2 0
healthai/engine/internal/adapters/handlers/grpc/core_handler.go:339.77,341.3 1 0
healthai/engine/internal/adapters/handlers/grpc/core_handler.go:342.2,342.44 1 0
healthai/engine/internal/adapters/handlers/grpc/core_handler.go:344.161,346.32 2 0
healthai/engine/internal/adapters/handlers/grpc/core_handler.go:346.32,348.3 1 0
healthai/engine/internal/adapters/handlers/grpc/core_handler.go:349.2,349.24 1 0
healthai/engine/internal/adapters/handlers/grpc/core_handler.go:349.24,351.3 1 0
healthai/engine/internal/adapters/handlers/grpc/core_handler.go:352.2,353.77 2 0
healthai/engine/internal/adapters/handlers/grpc/core_handler.go:353.77,355.3 1 0
healthai/engine/internal/adapters/handlers/grpc/core_handler.go:356.2,356.44 1 0
healthai/engine/internal/adapters/handlers/grpc/core_handler.go:358.174,360.32 2 0
healthai/engine/internal/adapters/handlers/grpc/core_handler.go:360.32,362.3 1 0
healthai/engine/internal/adapters/handlers/grpc/core_handler.go:363.2,363.24 1 0
healthai/engine/internal/adapters/handlers/grpc/core_handler.go:363.24,365.3 1 0
healthai/engine/internal/adapters/handlers/grpc/core_handler.go:366.2,367.77 2 0
healthai/engine/internal/adapters/handlers/grpc/core_handler.go:367.77,369.3 1 0
healthai/engine/internal/adapters/handlers/grpc/core_handler.go:370.2,370.44 1 0
healthai/engine/internal/adapters/handlers/grpc/nutrition_handler.go:25.56,25.95 1 0
healthai/engine/internal/adapters/handlers/grpc/nutrition_handler.go:26.56,26.89 1 0
healthai/engine/internal/adapters/handlers/grpc/nutrition_handler.go:27.57,27.58 0 0
healthai/engine/internal/adapters/handlers/grpc/nutrition_handler.go:34.46,34.75 1 0
healthai/engine/internal/adapters/handlers/grpc/nutrition_handler.go:35.46,35.79 1 0
healthai/engine/internal/adapters/handlers/grpc/nutrition_handler.go:36.47,36.48 0 0
healthai/engine/internal/adapters/handlers/grpc/nutrition_handler.go:49.47,49.77 1 0
healthai/engine/internal/adapters/handlers/grpc/nutrition_handler.go:50.47,50.80 1 0
healthai/engine/internal/adapters/handlers/grpc/nutrition_handler.go:51.48,51.49 0 0
healthai/engine/internal/adapters/handlers/grpc/nutrition_handler.go:59.47,59.77 1 0
healthai/engine/internal/adapters/handlers/grpc/nutrition_handler.go:60.47,60.80 1 0
healthai/engine/internal/adapters/handlers/grpc/nutrition_handler.go:61.48,61.49 0 0
healthai/engine/internal/adapters/handlers/grpc/nutrition_handler.go:68.46,68.75 1 0
healthai/engine/internal/adapters/handlers/grpc/nutrition_handler.go:69.46,69.79 1 0
healthai/engine/internal/adapters/handlers/grpc/nutrition_handler.go:70.47,70.48 0 0
healthai/engine/internal/adapters/handlers/grpc/nutrition_handler.go:79.44,79.71 1 0
healthai/engine/internal/adapters/handlers/grpc/nutrition_handler.go:80.44,80.77 1 0
healthai/engine/internal/adapters/handlers/grpc/nutrition_handler.go:81.45,81.46 0 0
healthai/engine/internal/adapters/handlers/grpc/nutrition_handler.go:93.53,93.89 1 0
healthai/engine/internal/adapters/handlers/grpc/nutrition_handler.go:94.53,94.86 1 0
healthai/engine/internal/adapters/handlers/grpc/nutrition_handler.go:95.54,95.55 0 0
healthai/engine/internal/adapters/handlers/grpc/nutrition_handler.go:103.51,103.85 1 0
healthai/engine/internal/adapters/handlers/grpc/nutrition_handler.go:104.51,104.84 1 0
healthai/engine/internal/adapters/handlers/grpc/nutrition_handler.go:105.52,105.53 0 0
healthai/engine/internal/adapters/handlers/grpc/nutrition_handler.go:113.80,115.2 1 0
healthai/engine/internal/adapters/handlers/grpc/nutrition_handler.go:117.68,119.2 1 0
healthai/engine/internal/adapters/handlers/grpc/nutrition_handler.go:121.120,124.2 1 0
healthai/engine/internal/adapters/handlers/grpc/nutrition_handler.go:126.134,127.22 1 0
healthai/engine/internal/adapters/handlers/grpc/nutrition_handler.go:127.22,129.3 1 0
healthai/engine/internal/adapters/handlers/grpc/nutrition_handler.go:131.2,132.16 2 0
healthai/engine/internal/adapters/handlers/grpc/nutrition_handler.go:132.16,134.3 1 0
healthai/engine/internal/adapters/handlers/grpc/nutrition_handler.go:136.2,136.18 1 0
healthai/engine/internal/adapters/handlers/grpc/nutrition_handler.go:136.18,143.3 1 0
healthai/engine/internal/adapters/handlers/grpc/nutrition_handler.go:145.2,149.8 1 0
healthai/engine/internal/adapters/handlers/grpc/nutrition_handler.go:152.116,153.41 1 0
healthai/engine/internal/adapters/handlers/grpc/nutrition_handler.go:153.41,155.3 1 0
healthai/engine/internal/adapters/handlers/grpc/nutrition_handler.go:157.2,169.16 3 0
healthai/engine/internal/adapters/handlers/grpc/nutrition_handler.go:169.16,171.3 1 0
healthai/engine/internal/adapters/handlers/grpc/nutrition_handler.go:173.2,177.8 1 0
healthai/engine/internal/adapters/handlers/grpc/nutrition_handler.go:180.113,182.20 2 0
healthai/engine/internal/adapters/handlers/grpc/nutrition_handler.go:182.20,184.17 2 0
healthai/engine/internal/adapters/handlers/grpc/nutrition_handler.go:184.17,186.4 1 0
healthai/engine/internal/adapters/handlers/grpc/nutrition_handler.go:189.2,190.16 2 0
healthai/engine/internal/adapters/handlers/grpc/nutrition_handler.go:190.16,192.3 1 0
healthai/engine/internal/adapters/handlers/grpc/nutrition_handler.go:194.2,201.34 2 0
healthai/engine/internal/adapters/handlers/grpc/nutrition_handler.go:201.34,216.3 1 0
healthai/engine/internal/adapters/handlers/grpc/nutrition_handler.go:218.2,218.18 1 0
healthai/engine/internal/adapters/handlers/grpc/nutrition_handler.go:230.70,243.2 1 0
healthai/engine/internal/adapters/handlers/grpc/nutrition_handler.go:245.183,247.32 2 0
healthai/engine/internal/adapters/handlers/grpc/nutrition_handler.go:247.32,249.3 1 0
healthai/engine/internal/adapters/handlers/grpc/nutrition_handler.go:250.2,250.24 1 0
healthai/engine/internal/adapters/handlers/grpc/nutrition_handler.go:250.24,252.3 1 0
healthai/engine/internal/adapters/handlers/grpc/nutrition_handler.go:253.2,254.77 2 0
healthai/engine/internal/adapters/handlers/grpc/nutrition_handler.go:254.77,256.3 1 0
healthai/engine/internal/adapters/handlers/grpc/nutrition_handler.go:257.2,257.44 1 0
healthai/engine/internal/adapters/handlers/grpc/nutrition_handler.go:260.173,262.32 2 0
healthai/engine/internal/adapters/handlers/grpc/nutrition_handler.go:262.32,264.3 1 0
healthai/engine/internal/adapters/handlers/grpc/nutrition_handler.go:265.2,265.24 1 0
healthai/engine/internal/adapters/handlers/grpc/nutrition_handler.go:265.24,267.3 1 0
healthai/engine/internal/adapters/handlers/grpc/nutrition_handler.go:268.2,269.77 2 0
healthai/engine/internal/adapters/handlers/grpc/nutrition_handler.go:269.77,271.3 1 0
healthai/engine/internal/adapters/handlers/grpc/nutrition_handler.go:272.2,272.44 1 0
healthai/engine/internal/adapters/handlers/grpc/nutrition_handler.go:275.173,277.32 2 0
healthai/engine/internal/adapters/handlers/grpc/nutrition_handler.go:277.32,279.3 1 0
healthai/engine/internal/adapters/handlers/grpc/nutrition_handler.go:280.2,280.24 1 0
healthai/engine/internal/adapters/handlers/grpc/nutrition_handler.go:280.24,282.3 1 0
healthai/engine/internal/adapters/handlers/grpc/nutrition_handler.go:283.2,284.77 2 0
healthai/engine/internal/adapters/handlers/grpc/nutrition_handler.go:284.77,286.3 1 0
healthai/engine/internal/adapters/handlers/grpc/nutrition_handler.go:287.2,287.44 1 0
healthai/engine/internal/adapters/handlers/grpc/nutrition_handler.go:290.180,292.32 2 0
healthai/engine/internal/adapters/handlers/grpc/nutrition_handler.go:292.32,294.3 1 0
healthai/engine/internal/adapters/handlers/grpc/nutrition_handler.go:295.2,295.24 1 0
healthai/engine/internal/adapters/handlers/grpc/nutrition_handler.go:295.24,297.3 1 0
healthai/engine/internal/adapters/handlers/grpc/nutrition_handler.go:298.2,299.77 2 0
healthai/engine/internal/adapters/handlers/grpc/nutrition_handler.go:299.77,301.3 1 0
healthai/engine/internal/adapters/handlers/grpc/nutrition_handler.go:302.2,302.44 1 0
healthai/engine/internal/adapters/handlers/grpc/user_handler.go:30.47,30.77 1 0
healthai/engine/internal/adapters/handlers/grpc/user_handler.go:31.47,31.80 1 0
healthai/engine/internal/adapters/handlers/grpc/user_handler.go:32.48,32.49 0 0
healthai/engine/internal/adapters/handlers/grpc/user_handler.go:38.41,38.65 1 0
healthai/engine/internal/adapters/handlers/grpc/user_handler.go:39.41,39.74 1 0
healthai/engine/internal/adapters/handlers/grpc/user_handler.go:40.42,40.43 0 0
healthai/engine/internal/adapters/handlers/grpc/user_handler.go:48.45,48.73 1 0
healthai/engine/internal/adapters/handlers/grpc/user_handler.go:49.45,49.78 1 0
healthai/engine/internal/adapters/handlers/grpc/user_handler.go:50.46,50.47 0 0
healthai/engine/internal/adapters/handlers/grpc/user_handler.go:60.54,60.91 1 0
healthai/engine/internal/adapters/handlers/grpc/user_handler.go:61.54,61.87 1 0
healthai/engine/internal/adapters/handlers/grpc/user_handler.go:62.55,62.56 0 0
healthai/engine/internal/adapters/handlers/grpc/user_handler.go:66.33,66.49 1 0
healthai/engine/internal/adapters/handlers/grpc/user_handler.go:67.33,67.48 1 0
healthai/engine/internal/adapters/handlers/grpc/user_handler.go:68.34,68.35 0 0
healthai/engine/internal/adapters/handlers/grpc/user_handler.go:79.44,79.71 1 0
healthai/engine/internal/adapters/handlers/grpc/user_handler.go:80.44,80.77 1 0
healthai/engine/internal/adapters/handlers/grpc/user_handler.go:81.45,81.46 0 0
healthai/engine/internal/adapters/handlers/grpc/user_handler.go:90.42,90.67 1 0
healthai/engine/internal/adapters/handlers/grpc/user_handler.go:91.42,91.75 1 0
healthai/engine/internal/adapters/handlers/grpc/user_handler.go:92.43,92.44 0 0
healthai/engine/internal/adapters/handlers/grpc/user_handler.go:102.46,102.75 1 0
healthai/engine/internal/adapters/handlers/grpc/user_handler.go:103.46,103.79 1 0
healthai/engine/internal/adapters/handlers/grpc/user_handler.go:104.47,104.48 0 0
healthai/engine/internal/adapters/handlers/grpc/user_handler.go:111.31,111.45 1 0
healthai/engine/internal/adapters/handlers/grpc/user_handler.go:112.31,112.64 1 0
healthai/engine/internal/adapters/handlers/grpc/user_handler.go:113.32,113.33 0 0
healthai/engine/internal/adapters/handlers/grpc/user_handler.go:132.108,137.2 1 0
healthai/engine/internal/adapters/handlers/grpc/user_handler.go:139.58,141.2 1 0
healthai/engine/internal/adapters/handlers/grpc/user_handler.go:143.70,145.2 1 0
healthai/engine/internal/adapters/handlers/grpc/user_handler.go:147.109,148.22 1 0
healthai/engine/internal/adapters/handlers/grpc/user_handler.go:148.22,150.3 1 0
healthai/engine/internal/adapters/handlers/grpc/user_handler.go:152.2,153.16 2 0
healthai/engine/internal/adapters/handlers/grpc/user_handler.go:153.16,156.3 2 0
healthai/engine/internal/adapters/handlers/grpc/user_handler.go:158.2,159.31 2 0
healthai/engine/internal/adapters/handlers/grpc/user_handler.go:159.31,161.3 1 0
healthai/engine/internal/adapters/handlers/grpc/user_handler.go:161.8,163.3 1 0
healthai/engine/internal/adapters/handlers/grpc/user_handler.go:165.2,172.29 6 0
healthai/engine/internal/adapters/handlers/grpc/user_handler.go:172.29,177.49 4 0
healthai/engine/internal/adapters/handlers/grpc/user_handler.go:177.49,179.4 1 0
healthai/engine/internal/adapters/handlers/grpc/user_handler.go:182.2,182.31 1 0
healthai/engine/internal/adapters/handlers/grpc/user_handler.go:182.31,185.3 2 0
healthai/engine/internal/adapters/handlers/grpc/user_handler.go:187.2,198.8 1 0
healthai/engine/internal/adapters/handlers/grpc/user_handler.go:201.111,203.22 2 0
healthai/engine/internal/adapters/handlers/grpc/user_handler.go:203.22,205.3 1 0
healthai/engine/internal/adapters/handlers/grpc/user_handler.go:207.2,208.27 2 0
healthai/engine/internal/adapters/handlers/grpc/user_handler.go:208.27,210.17 2 0
healthai/engine/internal/adapters/handlers/grpc/user_handler.go:210.17,212.4 1 0
healthai/engine/internal/adapters/handlers/grpc/user_handler.go:213.3,213.11 1 0
healthai/engine/internal/adapters/handlers/grpc/user_handler.go:216.2,217.16 2 0
healthai/engine/internal/adapters/handlers/grpc/user_handler.go:217.16,220.3 2 0
healthai/engine/internal/adapters/handlers/grpc/user_handler.go:222.2,222.68 1 0
healthai/engine/internal/adapters/handlers/grpc/user_handler.go:225.107,226.22 1 0
healthai/engine/internal/adapters/handlers/grpc/user_handler.go:226.22,228.3 1 0
healthai/engine/internal/adapters/handlers/grpc/user_handler.go:230.2,231.16 2 0
healthai/engine/internal/adapters/handlers/grpc/user_handler.go:231.16,233.3 1 0
healthai/engine/internal/adapters/handlers/grpc/user_handler.go:235.2,235.16 1 0
healthai/engine/internal/adapters/handlers/grpc/user_handler.go:235.16,237.3 1 0
healthai/engine/internal/adapters/handlers/grpc/user_handler.go:239.2,245.8 1 0
healthai/engine/internal/adapters/handlers/grpc/user_handler.go:248.101,249.22 1 0
healthai/engine/internal/adapters/handlers/grpc/user_handler.go:249.22,251.3 1 0
healthai/engine/internal/adapters/handlers/grpc/user_handler.go:253.2,254.16 2 0
healthai/engine/internal/adapters/handlers/grpc/user_handler.go:254.16,256.3 1 0
healthai/engine/internal/adapters/handlers/grpc/user_handler.go:258.2,258.22 1 0
healthai/engine/internal/adapters/handlers/grpc/user_handler.go:263.94,264.22 1 0
healthai/engine/internal/adapters/handlers/grpc/user_handler.go:264.22,266.3 1 0
healthai/engine/internal/adapters/handlers/grpc/user_handler.go:268.2,269.16 2 0
healthai/engine/internal/adapters/handlers/grpc/user_handler.go:269.16,271.3 1 0
healthai/engine/internal/adapters/handlers/grpc/user_handler.go:273.2,273.62 1 0
healthai/engine/internal/adapters/handlers/grpc/user_handler.go:276.90,277.22 1 0
healthai/engine/internal/adapters/handlers/grpc/user_handler.go:277.22,279.3 1 0
healthai/engine/internal/adapters/handlers/grpc/user_handler.go:281.2,282.16 2 0
healthai/engine/internal/adapters/handlers/grpc/user_handler.go:282.16,284.3 1 0
healthai/engine/internal/adapters/handlers/grpc/user_handler.go:286.2,286.60 1 0
healthai/engine/internal/adapters/handlers/grpc/user_handler.go:291.60,324.2 1 0
healthai/engine/internal/adapters/handlers/grpc/user_handler.go:326.171,328.32 2 0
healthai/engine/internal/adapters/handlers/grpc/user_handler.go:328.32,330.3 1 0
healthai/engine/internal/adapters/handlers/grpc/user_handler.go:331.2,331.24 1 0
healthai/engine/internal/adapters/handlers/grpc/user_handler.go:331.24,333.3 1 0
healthai/engine/internal/adapters/handlers/grpc/user_handler.go:334.2,338.77 2 0
healthai/engine/internal/adapters/handlers/grpc/user_handler.go:338.77,340.3 1 0
healthai/engine/internal/adapters/handlers/grpc/user_handler.go:341.2,341.44 1 0
healthai/engine/internal/adapters/handlers/grpc/user_handler.go:344.170,346.32 2 0
healthai/engine/internal/adapters/handlers/grpc/user_handler.go:346.32,348.3 1 0
healthai/engine/internal/adapters/handlers/grpc/user_handler.go:349.2,349.24 1 0
healthai/engine/internal/adapters/handlers/grpc/user_handler.go:349.24,351.3 1 0
healthai/engine/internal/adapters/handlers/grpc/user_handler.go:352.2,356.77 2 0
healthai/engine/internal/adapters/handlers/grpc/user_handler.go:356.77,358.3 1 0
healthai/engine/internal/adapters/handlers/grpc/user_handler.go:359.2,359.44 1 0
healthai/engine/internal/adapters/handlers/grpc/user_handler.go:362.173,364.32 2 0
healthai/engine/internal/adapters/handlers/grpc/user_handler.go:364.32,366.3 1 0
healthai/engine/internal/adapters/handlers/grpc/user_handler.go:367.2,367.24 1 0
healthai/engine/internal/adapters/handlers/grpc/user_handler.go:367.24,369.3 1 0
healthai/engine/internal/adapters/handlers/grpc/user_handler.go:370.2,374.77 2 0
healthai/engine/internal/adapters/handlers/grpc/user_handler.go:374.77,376.3 1 0
healthai/engine/internal/adapters/handlers/grpc/user_handler.go:377.2,377.44 1 0
healthai/engine/internal/adapters/handlers/grpc/user_handler.go:380.176,382.32 2 0
healthai/engine/internal/adapters/handlers/grpc/user_handler.go:382.32,384.3 1 0
healthai/engine/internal/adapters/handlers/grpc/user_handler.go:385.2,385.24 1 0
healthai/engine/internal/adapters/handlers/grpc/user_handler.go:385.24,387.3 1 0
healthai/engine/internal/adapters/handlers/grpc/user_handler.go:388.2,392.77 2 0
healthai/engine/internal/adapters/handlers/grpc/user_handler.go:392.77,394.3 1 0
healthai/engine/internal/adapters/handlers/grpc/user_handler.go:395.2,395.44 1 0
healthai/engine/internal/adapters/handlers/grpc/user_handler.go:398.169,400.32 2 0
healthai/engine/internal/adapters/handlers/grpc/user_handler.go:400.32,402.3 1 0
healthai/engine/internal/adapters/handlers/grpc/user_handler.go:403.2,403.24 1 0
healthai/engine/internal/adapters/handlers/grpc/user_handler.go:403.24,405.3 1 0
healthai/engine/internal/adapters/handlers/grpc/user_handler.go:406.2,410.77 2 0
healthai/engine/internal/adapters/handlers/grpc/user_handler.go:410.77,412.3 1 0
healthai/engine/internal/adapters/handlers/grpc/user_handler.go:413.2,413.44 1 0
healthai/engine/internal/adapters/handlers/grpc/user_handler.go:416.167,418.32 2 0
healthai/engine/internal/adapters/handlers/grpc/user_handler.go:418.32,420.3 1 0
healthai/engine/internal/adapters/handlers/grpc/user_handler.go:421.2,421.24 1 0
healthai/engine/internal/adapters/handlers/grpc/user_handler.go:421.24,423.3 1 0
healthai/engine/internal/adapters/handlers/grpc/user_handler.go:424.2,428.77 2 0
healthai/engine/internal/adapters/handlers/grpc/user_handler.go:428.77,430.3 1 0
healthai/engine/internal/adapters/handlers/grpc/user_handler.go:431.2,431.44 1 0
healthai/engine/internal/adapters/handlers/grpc/workout_handler.go:24.59,24.101 1 0
healthai/engine/internal/adapters/handlers/grpc/workout_handler.go:25.59,25.92 1 0
healthai/engine/internal/adapters/handlers/grpc/workout_handler.go:26.60,26.61 0 0
healthai/engine/internal/adapters/handlers/grpc/workout_handler.go:36.47,36.77 1 0
healthai/engine/internal/adapters/handlers/grpc/workout_handler.go:37.47,37.80 1 0
healthai/engine/internal/adapters/handlers/grpc/workout_handler.go:38.48,38.49 0 0
healthai/engine/internal/adapters/handlers/grpc/workout_handler.go:65.74,67.2 1 0
healthai/engine/internal/adapters/handlers/grpc/workout_handler.go:69.64,71.2 1 0
healthai/engine/internal/adapters/handlers/grpc/workout_handler.go:73.140,74.22 1 0
healthai/engine/internal/adapters/handlers/grpc/workout_handler.go:74.22,76.3 1 0
healthai/engine/internal/adapters/handlers/grpc/workout_handler.go:79.2,80.43 2 0
healthai/engine/internal/adapters/handlers/grpc/workout_handler.go:80.43,82.3 1 0
healthai/engine/internal/adapters/handlers/grpc/workout_handler.go:84.2,91.16 3 0
healthai/engine/internal/adapters/handlers/grpc/workout_handler.go:91.16,93.3 1 0
healthai/engine/internal/adapters/handlers/grpc/workout_handler.go:95.2,103.38 2 0
healthai/engine/internal/adapters/handlers/grpc/workout_handler.go:103.38,120.3 1 0
healthai/engine/internal/adapters/handlers/grpc/workout_handler.go:122.2,122.18 1 0
healthai/engine/internal/adapters/handlers/grpc/workout_handler.go:131.66,141.2 1 0
healthai/engine/internal/adapters/handlers/grpc/workout_handler.go:143.184,145.32 2 0
healthai/engine/internal/adapters/handlers/grpc/workout_handler.go:145.32,147.3 1 0
healthai/engine/internal/adapters/handlers/grpc/workout_handler.go:148.2,148.24 1 0
healthai/engine/internal/adapters/handlers/grpc/workout_handler.go:148.24,150.3 1 0
healthai/engine/internal/adapters/handlers/grpc/workout_handler.go:151.2,152.77 2 0
healthai/engine/internal/adapters/handlers/grpc/workout_handler.go:152.77,154.3 1 0
healthai/engine/internal/adapters/handlers/grpc/workout_handler.go:155.2,155.44 1 0
healthai/engine/internal/adapters/repositories/postgres/activity_repo.go:18.66,20.2 1 0
healthai/engine/internal/adapters/repositories/postgres/activity_repo.go:22.126,28.112 2 0
healthai/engine/internal/adapters/repositories/postgres/activity_repo.go:28.112,29.45 1 0
healthai/engine/internal/adapters/repositories/postgres/activity_repo.go:29.45,31.4 1 0
healthai/engine/internal/adapters/repositories/postgres/activity_repo.go:32.3,32.18 1 0
healthai/engine/internal/adapters/repositories/postgres/activity_repo.go:34.2,34.18 1 0
healthai/engine/internal/adapters/repositories/postgres/activity_repo.go:37.94,39.2 1 0
healthai/engine/internal/adapters/repositories/postgres/activity_repo.go:41.94,43.2 1 0
healthai/engine/internal/adapters/repositories/postgres/activity_repo.go:45.96,47.2 1 0
healthai/engine/internal/adapters/repositories/postgres/nutrition_repo.go:17.68,19.2 1 0
healthai/engine/internal/adapters/repositories/postgres/nutrition_repo.go:21.117,24.16 3 0
healthai/engine/internal/adapters/repositories/postgres/nutrition_repo.go:24.16,25.36 1 0
healthai/engine/internal/adapters/repositories/postgres/nutrition_repo.go:25.36,27.4 1 0
healthai/engine/internal/adapters/repositories/postgres/nutrition_repo.go:28.3,28.18 1 0
healthai/engine/internal/adapters/repositories/postgres/nutrition_repo.go:30.2,30.17 1 0
healthai/engine/internal/adapters/repositories/postgres/nutrition_repo.go:33.106,40.2 1 0
healthai/engine/internal/adapters/repositories/postgres/nutrition_repo.go:42.115,46.2 3 0
healthai/engine/internal/adapters/repositories/postgres/nutrition_repo.go:48.108,50.2 1 0
healthai/engine/internal/adapters/repositories/postgres/nutrition_repo.go:52.127,61.16 3 0
healthai/engine/internal/adapters/repositories/postgres/nutrition_repo.go:61.16,62.36 1 0
healthai/engine/internal/adapters/repositories/postgres/nutrition_repo.go:62.36,64.4 1 0
healthai/engine/internal/adapters/repositories/postgres/nutrition_repo.go:65.3,65.18 1 0
healthai/engine/internal/adapters/repositories/postgres/nutrition_repo.go:67.2,67.19 1 0
healthai/engine/internal/adapters/repositories/postgres/nutrition_repo.go:70.96,72.2 1 0
healthai/engine/internal/adapters/repositories/postgres/user_repo.go:17.58,19.2 1 0
healthai/engine/internal/adapters/repositories/postgres/user_repo.go:21.88,23.104 2 0
healthai/engine/internal/adapters/repositories/postgres/user_repo.go:23.104,24.45 1 0
healthai/engine/internal/adapters/repositories/postgres/user_repo.go:24.45,26.4 1 0
healthai/engine/internal/adapters/repositories/postgres/user_repo.go:27.3,27.18 1 0
healthai/engine/internal/adapters/repositories/postgres/user_repo.go:29.2,29.19 1 0
healthai/engine/internal/adapters/repositories/postgres/user_repo.go:32.79,34.2 1 0
healthai/engine/internal/adapters/repositories/postgres/user_repo.go:36.79,38.2 1 0
healthai/engine/internal/adapters/repositories/postgres/workout_repo.go:17.64,19.2 1 0
healthai/engine/internal/adapters/repositories/postgres/workout_repo.go:21.101,25.2 3 0
healthai/engine/internal/adapters/repositories/postgres/workout_repo.go:27.98,29.2 1 0
healthai/engine/internal/adapters/repositories/postgres/workout_repo.go:31.175,35.24 3 0
healthai/engine/internal/adapters/repositories/postgres/workout_repo.go:35.24,37.3 1 0
healthai/engine/internal/adapters/repositories/postgres/workout_repo.go:38.2,38.25 1 0
healthai/engine/internal/adapters/repositories/postgres/workout_repo.go:38.25,40.3 1 0
healthai/engine/internal/adapters/repositories/postgres/workout_repo.go:42.2,43.23 2 0
healthai/engine/internal/adapters/repositories/postgres/workout_repo.go:46.118,54.2 3 0
healthai/engine/internal/adapters/repositories/postgres/workout_repo.go:56.100,58.2 1 0
healthai/engine/internal/adapters/repositories/postgres/workout_repo.go:60.131,68.16 3 0
healthai/engine/internal/adapters/repositories/postgres/workout_repo.go:68.16,69.36 1 0
healthai/engine/internal/adapters/repositories/postgres/workout_repo.go:69.36,71.4 1 0
healthai/engine/internal/adapters/repositories/postgres/workout_repo.go:72.3,72.18 1 0
healthai/engine/internal/adapters/repositories/postgres/workout_repo.go:74.2,74.19 1 0
healthai/engine/internal/core/services/activity_service.go:15.73,17.2 1 1
healthai/engine/internal/core/services/activity_service.go:21.121,25.16 3 1
healthai/engine/internal/core/services/activity_service.go:25.16,27.3 1 1
healthai/engine/internal/core/services/activity_service.go:29.2,29.16 1 1
healthai/engine/internal/core/services/activity_service.go:29.16,37.3 6 1
healthai/engine/internal/core/services/activity_service.go:40.2,46.40 6 1
healthai/engine/internal/core/services/activity_service.go:49.126,52.2 2 1
healthai/engine/internal/core/services/activity_service.go:54.103,57.2 2 1
healthai/engine/internal/core/services/activity_service.go:64.83,65.21 1 1
healthai/engine/internal/core/services/activity_service.go:65.21,67.3 1 1
healthai/engine/internal/core/services/activity_service.go:69.2,69.36 1 1
healthai/engine/internal/core/services/nutrition_service.go:18.107,20.2 1 1
healthai/engine/internal/core/services/nutrition_service.go:22.115,24.2 1 1
healthai/engine/internal/core/services/nutrition_service.go:26.153,28.16 2 1
healthai/engine/internal/core/services/nutrition_service.go:28.16,33.3 1 0
healthai/engine/internal/core/services/nutrition_service.go:33.8,33.25 1 1
healthai/engine/internal/core/services/nutrition_service.go:33.25,37.3 1 1
healthai/engine/internal/core/services/nutrition_service.go:39.2,44.48 5 1
healthai/engine/internal/core/services/nutrition_service.go:53.138,62.16 3 1
healthai/engine/internal/core/services/nutrition_service.go:62.16,64.3 1 1
healthai/engine/internal/core/services/nutrition_service.go:67.2,67.18 1 1
healthai/engine/internal/core/services/nutrition_service.go:67.18,68.52 1 1
healthai/engine/internal/core/services/nutrition_service.go:68.52,69.44 1 1
healthai/engine/internal/core/services/nutrition_service.go:69.44,70.30 1 1
healthai/engine/internal/core/services/nutrition_service.go:70.30,73.6 2 1
healthai/engine/internal/core/services/nutrition_service.go:80.2,80.30 1 1
healthai/engine/internal/core/services/nutrition_service.go:80.30,82.3 1 1
healthai/engine/internal/core/services/nutrition_service.go:85.2,85.28 1 1
healthai/engine/internal/core/services/nutrition_service.go:85.28,87.3 1 1
healthai/engine/internal/core/services/nutrition_service.go:89.2,89.30 1 1
healthai/engine/internal/core/services/nutrition_service.go:89.30,91.3 1 1
healthai/engine/internal/core/services/nutrition_service.go:93.2,93.20 1 1
healthai/engine/internal/core/services/nutrition_service.go:96.130,99.16 2 1
healthai/engine/internal/core/services/nutrition_service.go:99.16,101.3 1 1
healthai/engine/internal/core/services/nutrition_service.go:103.2,104.18 2 1
healthai/engine/internal/core/services/nutrition_service.go:104.18,106.3 1 1
healthai/engine/internal/core/services/nutrition_service.go:110.2,115.16 4 1
healthai/engine/internal/core/services/nutrition_service.go:115.16,117.3 1 1
healthai/engine/internal/core/services/nutrition_service.go:121.2,122.35 2 1
healthai/engine/internal/core/services/nutrition_service.go:122.35,124.38 1 1
healthai/engine/internal/core/services/nutrition_service.go:124.38,126.38 2 1
healthai/engine/internal/core/services/nutrition_service.go:126.38,127.32 1 1
healthai/engine/internal/core/services/nutrition_service.go:127.32,129.11 2 0
healthai/engine/internal/core/services/nutrition_service.go:132.4,132.20 1 1
healthai/engine/internal/core/services/nutrition_service.go:132.20,133.13 1 1
healthai/engine/internal/core/services/nutrition_service.go:138.3,139.19 2 1
healthai/engine/internal/core/services/nutrition_service.go:139.19,140.41 1 0
healthai/engine/internal/core/services/nutrition_service.go:140.41,141.41 1 0
healthai/engine/internal/core/services/nutrition_service.go:141.41,142.20 1 0
healthai/engine/internal/core/services/nutrition_service.go:142.20,144.12 2 0
healthai/engine/internal/core/services/nutrition_service.go:149.3,149.18 1 1
healthai/engine/internal/core/services/nutrition_service.go:149.18,151.4 1 1
healthai/engine/internal/core/services/nutrition_service.go:154.2,154.25 1 1
healthai/engine/internal/core/services/nutrition_service.go:154.25,156.3 1 1
healthai/engine/internal/core/services/nutrition_service.go:160.2,176.27 5 1
healthai/engine/internal/core/services/nutrition_service.go:176.27,177.13 1 1
healthai/engine/internal/core/services/nutrition_service.go:177.13,178.9 1 1
healthai/engine/internal/core/services/nutrition_service.go:180.3,186.5 2 1
healthai/engine/internal/core/services/nutrition_service.go:190.2,191.16 2 1
healthai/engine/internal/core/services/nutrition_service.go:191.16,193.3 1 0
healthai/engine/internal/core/services/nutrition_service.go:195.2,195.18 1 1
healthai/engine/internal/core/services/user_service.go:18.61,20.2 1 1
healthai/engine/internal/core/services/user_service.go:22.85,24.2 1 1
healthai/engine/internal/core/services/user_service.go:26.102,28.16 2 1
healthai/engine/internal/core/services/user_service.go:28.16,30.3 1 0
healthai/engine/internal/core/services/user_service.go:32.2,35.33 3 1
healthai/engine/internal/core/services/user_service.go:38.140,40.16 2 1
healthai/engine/internal/core/services/user_service.go:40.16,42.3 1 0
healthai/engine/internal/core/services/user_service.go:44.2,47.31 3 1
healthai/engine/internal/core/services/user_service.go:47.31,54.3 1 1
healthai/engine/internal/core/services/user_service.go:54.8,57.3 2 0
healthai/engine/internal/core/services/user_service.go:59.2,59.33 1 1
healthai/engine/internal/core/services/user_service.go:64.73,66.2 1 1
healthai/engine/internal/core/services/workout_service.go:18.101,20.2 1 1
healthai/engine/internal/core/services/workout_service.go:29.139,37.42 3 1
healthai/engine/internal/core/services/workout_service.go:37.43,42.3 0 1
healthai/engine/internal/core/services/workout_service.go:46.2,47.16 2 1
healthai/engine/internal/core/services/workout_service.go:47.16,49.3 1 1
healthai/engine/internal/core/services/workout_service.go:52.2,53.32 2 1
healthai/engine/internal/core/services/workout_service.go:53.32,56.47 2 1
healthai/engine/internal/core/services/workout_service.go:56.47,57.52 1 1
healthai/engine/internal/core/services/workout_service.go:57.52,58.25 1 1
healthai/engine/internal/core/services/workout_service.go:58.25,60.11 2 1
healthai/engine/internal/core/services/workout_service.go:64.3,64.13 1 1
healthai/engine/internal/core/services/workout_service.go:64.13,66.4 1 1
healthai/engine/internal/core/services/workout_service.go:69.2,69.24 1 1
healthai/engine/internal/core/services/workout_service.go:69.24,71.3 1 1
healthai/engine/internal/core/services/workout_service.go:76.2,77.25 2 1
healthai/engine/internal/core/services/workout_service.go:77.25,79.3 1 1
healthai/engine/internal/core/services/workout_service.go:81.2,94.27 4 1
healthai/engine/internal/core/services/workout_service.go:94.27,95.27 1 1
healthai/engine/internal/core/services/workout_service.go:95.27,96.9 1 0
healthai/engine/internal/core/services/workout_service.go:98.3,109.29 3 1
healthai/engine/internal/core/services/workout_service.go:113.2,114.16 2 1
healthai/engine/internal/core/services/workout_service.go:114.16,116.3 1 0
healthai/engine/internal/core/services/workout_service.go:118.2,118.18 1 1
